1675893931803	geckodriver	INFO	Listening on 127.0.0.1:55435
1675894140724	geckodriver	INFO	Listening on 127.0.0.1:55714
1675895506403	geckodriver	INFO	Listening on 127.0.0.1:50084
1675895867227	geckodriver	INFO	Listening on 127.0.0.1:50301
1675895870301	mozrunner::runner	INFO	Running command: "C:\\Program Files\\Mozilla Firefox\\firefox.exe" "--marionette" "-no-remote" "-profile" "C:\\Users\\jakeo\\AppData\\Local\\Temp\\rust_mozprofileJtwijy"
1675895870741	Marionette	INFO	Marionette enabled
Dynamically enable window occlusion 0
1675895870747	Marionette	INFO	Listening on port 50316
Read port: 50316
1675895871025	RemoteAgent	WARN	TLS certificate errors will be ignored for this session
console.warn: SearchSettings: "get: No settings file exists, new profile?" (new NotFoundError("Could not open the file at C:\\Users\\jakeo\\AppData\\Local\\Temp\\rust_mozprofileJtwijy\\search.json.mozlz4", (void 0)))
1675895878777	Marionette	WARN	Ignoring event 'pageshow' because document has an invalid readyState of 'uninitialized'.
1675895879900	Marionette	INFO	Stopped listening on port 50316
Dynamically enable window occlusion 1
1675900894054	geckodriver	INFO	Listening on 127.0.0.1:50803
1675900897120	mozrunner::runner	INFO	Running command: "C:\\Program Files\\Mozilla Firefox\\firefox.exe" "--marionette" "-no-remote" "-profile" "C:\\Users\\jakeo\\AppData\\Local\\Temp\\rust_mozprofileduHHXe"
1675900897518	Marionette	INFO	Marionette enabled
Dynamically enable window occlusion 0
1675900897522	Marionette	INFO	Listening on port 50815
Read port: 50815
1675900897718	RemoteAgent	WARN	TLS certificate errors will be ignored for this session
console.warn: SearchSettings: "get: No settings file exists, new profile?" (new NotFoundError("Could not open the file at C:\\Users\\jakeo\\AppData\\Local\\Temp\\rust_mozprofileduHHXe\\search.json.mozlz4", (void 0)))
1675900902415	Marionette	INFO	Stopped listening on port 50815
Dynamically enable window occlusion 1
1675970325763	geckodriver	INFO	Listening on 127.0.0.1:53905
1675970328853	mozrunner::runner	INFO	Running command: "C:\\Program Files\\Mozilla Firefox\\firefox.exe" "--marionette" "-no-remote" "-profile" "C:\\Users\\jakeo\\AppData\\Local\\Temp\\rust_mozprofileXn8Gr1"
1675970329272	Marionette	INFO	Marionette enabled
Dynamically enable window occlusion 0
1675970329276	Marionette	INFO	Listening on port 53915
Read port: 53915
1675970329508	RemoteAgent	WARN	TLS certificate errors will be ignored for this session
console.warn: SearchSettings: "get: No settings file exists, new profile?" (new NotFoundError("Could not open the file at C:\\Users\\jakeo\\AppData\\Local\\Temp\\rust_mozprofileXn8Gr1\\search.json.mozlz4", (void 0)))
1675970336120	Marionette	WARN	Ignoring event 'pageshow' because document has an invalid readyState of 'uninitialized'.
1675970336189	Marionette	INFO	Stopped listening on port 53915
Dynamically enable window occlusion 1
1675971025924	geckodriver	INFO	Listening on 127.0.0.1:54183
1675971029006	mozrunner::runner	INFO	Running command: "C:\\Program Files\\Mozilla Firefox\\firefox.exe" "--marionette" "-no-remote" "-profile" "C:\\Users\\jakeo\\AppData\\Local\\Temp\\rust_mozprofilel2qr0W"
1675971029471	Marionette	INFO	Marionette enabled
Dynamically enable window occlusion 0
1675971029477	Marionette	INFO	Listening on port 54193
Read port: 54193
1675971029761	RemoteAgent	WARN	TLS certificate errors will be ignored for this session
console.warn: SearchSettings: "get: No settings file exists, new profile?" (new NotFoundError("Could not open the file at C:\\Users\\jakeo\\AppData\\Local\\Temp\\rust_mozprofilel2qr0W\\search.json.mozlz4", (void 0)))
1675971031046	Marionette	INFO	Stopped listening on port 54193
Dynamically enable window occlusion 1
1675976685897	geckodriver	INFO	Listening on 127.0.0.1:58139
1675976688970	mozrunner::runner	INFO	Running command: "C:\\Program Files\\Mozilla Firefox\\firefox.exe" "--marionette" "-no-remote" "-profile" "C:\\Users\\jakeo\\AppData\\Local\\Temp\\rust_mozprofilegfctTU"
1675976689391	Marionette	INFO	Marionette enabled
Dynamically enable window occlusion 0
1675976689397	Marionette	INFO	Listening on port 58149
Read port: 58149
1675976689644	RemoteAgent	WARN	TLS certificate errors will be ignored for this session
console.warn: SearchSettings: "get: No settings file exists, new profile?" (new NotFoundError("Could not open the file at C:\\Users\\jakeo\\AppData\\Local\\Temp\\rust_mozprofilegfctTU\\search.json.mozlz4", (void 0)))
1675976691045	Marionette	INFO	Stopped listening on port 58149
Dynamically enable window occlusion 1
1675978839972	geckodriver	INFO	Listening on 127.0.0.1:59516
1675978843018	mozrunner::runner	INFO	Running command: "C:\\Program Files\\Mozilla Firefox\\firefox.exe" "--marionette" "-no-remote" "-profile" "C:\\Users\\jakeo\\AppData\\Local\\Temp\\rust_mozprofileuGvqJC"
1675978843390	Marionette	INFO	Marionette enabled
Dynamically enable window occlusion 0
1675978843394	Marionette	INFO	Listening on port 59526
Read port: 59526
1675978843629	RemoteAgent	WARN	TLS certificate errors will be ignored for this session
console.warn: SearchSettings: "get: No settings file exists, new profile?" (new NotFoundError("Could not open the file at C:\\Users\\jakeo\\AppData\\Local\\Temp\\rust_mozprofileuGvqJC\\search.json.mozlz4", (void 0)))
1675978844933	Marionette	INFO	Stopped listening on port 59526
Dynamically enable window occlusion 1
